<?xml version="1.0" encoding="UTF-8"?>
<testng-results ignored="0" total="1" passed="1" failed="0" skipped="0">
  <reporter-output>
  </reporter-output>
  <suite started-at="2021-10-24T13:52:31 IST" name="Default suite" finished-at="2021-10-24T13:52:38 IST" duration-ms="6571">
    <groups>
    </groups>
    <test started-at="2021-10-24T13:52:31 IST" name="Default test" finished-at="2021-10-24T13:52:38 IST" duration-ms="6571">
      <class name="com.execution.TestExecution">
        <test-method signature="test01()[pri:0, instance:com.execution.TestExecution@593aaf41]" started-at="2021-10-24T13:52:31 IST" name="test01" finished-at="2021-10-24T13:52:38 IST" duration-ms="6528" status="PASS">
          <reporter-output>
          </reporter-output>
        </test-method> <!-- test01 -->
      </class> <!-- com.execution.TestExecution -->
    </test> <!-- Default test -->
  </suite> <!-- Default suite -->
</testng-results>
